<?xml version="1.0" encoding="UTF-8"?>
<!-- Generated by org.testng.reporters.JUnitXMLReporter -->
<testsuite ignored="0" hostname="DESKTOP-GM0HH9M" failures="0" tests="4" name="Default test" time="0.123" errors="0" timestamp="2021-05-26T18:07:46 IST">
  <testcase classname="testNG.SampleTestCase" name="firstTestCase" time="0.018"/>
  <testcase classname="testNG.SampleTestCase" name="fourthTestCase" time="0.005"/>
  <testcase classname="testNG.SampleTestCase" name="secondTestCase" time="0.003"/>
  <testcase classname="testNG.SampleTestCase" name="thirdTestCase" time="0.005"/>
</testsuite> <!-- Default test -->
