<?xml version="1.0" encoding="UTF-8"?>
<testng-results ignored="0" total="4" passed="4" failed="0" skipped="0">
  <reporter-output>
  </reporter-output>
  <suite started-at="2021-05-26T18:07:46 IST" name="Default suite" finished-at="2021-05-26T18:07:46 IST" duration-ms="123">
    <groups>
    </groups>
    <test started-at="2021-05-26T18:07:46 IST" name="Default test" finished-at="2021-05-26T18:07:46 IST" duration-ms="123">
      <class name="testNG.SampleTestCase">
        <test-method signature="firstTestCase()[pri:0, instance:testNG.SampleTestCase@6973bf95]" started-at="2021-05-26T18:07:46 IST" name="firstTestCase" finished-at="2021-05-26T18:07:46 IST" duration-ms="18" status="PASS">
          <reporter-output>
          </reporter-output>
        </test-method> <!-- firstTestCase -->
        <test-method signature="fourthTestCase()[pri:0, instance:testNG.SampleTestCase@6973bf95]" started-at="2021-05-26T18:07:46 IST" name="fourthTestCase" finished-at="2021-05-26T18:07:46 IST" duration-ms="5" status="PASS">
          <reporter-output>
          </reporter-output>
        </test-method> <!-- fourthTestCase -->
        <test-method signature="secondTestCase()[pri:0, instance:testNG.SampleTestCase@6973bf95]" started-at="2021-05-26T18:07:46 IST" name="secondTestCase" finished-at="2021-05-26T18:07:46 IST" duration-ms="3" status="PASS">
          <reporter-output>
          </reporter-output>
        </test-method> <!-- secondTestCase -->
        <test-method signature="thirdTestCase()[pri:0, instance:testNG.SampleTestCase@6973bf95]" started-at="2021-05-26T18:07:46 IST" name="thirdTestCase" finished-at="2021-05-26T18:07:46 IST" duration-ms="5" status="PASS">
          <reporter-output>
          </reporter-output>
        </test-method> <!-- thirdTestCase -->
      </class> <!-- testNG.SampleTestCase -->
    </test> <!-- Default test -->
  </suite> <!-- Default suite -->
</testng-results>
